2018-06-06 20:26:55 - Config file loading...... /D:/ideaProject/automation-api-master/target/test-classes/config.properties
2018-06-06 20:26:55 - Loading config from specified file: /D:/ideaProject/automation-api-master/target/test-classes/config.properties
2018-06-06 20:26:55 - Initialize Restful API Driver
2018-06-06 20:26:55 - Start to get User Token
2018-06-06 20:26:57 - Successful get User Token
2018-06-06 20:27:06 - Initialize Restful API Driver
2018-06-06 20:27:06 - Start to get User Token
2018-06-06 20:27:07 - Successful get User Token
2018-06-06 20:27:08 - Initialize Restful API Driver
2018-06-06 20:27:08 - Start to get User Token
2018-06-06 20:27:09 - Successful get User Token
2018-06-06 20:27:11 - Initialize Restful API Driver
2018-06-06 20:27:11 - Start to get User Token
2018-06-06 20:27:11 - Successful get User Token
2018-06-06 20:27:13 - Initialize Restful API Driver
2018-06-06 20:27:13 - Start to get User Token
2018-06-06 20:27:13 - Successful get User Token
2018-06-06 20:27:19 - Initialize Restful API Driver
2018-06-06 20:27:19 - Start to get User Token
2018-06-06 20:27:19 - Successful get User Token
2018-06-06 20:27:33 - Initialize Restful API Driver
2018-06-06 20:27:33 - Start to get User Token
2018-06-06 20:27:33 - Successful get User Token
2018-06-06 20:27:39 - Initialize Restful API Driver
2018-06-06 20:27:39 - Start to get User Token
2018-06-06 20:27:39 - Successful get User Token
2018-06-06 20:27:43 - Initialize Restful API Driver
2018-06-06 20:27:43 - Start to get User Token
2018-06-06 20:27:43 - Successful get User Token
2018-06-06 20:27:59 - Initialize Restful API Driver
2018-06-06 20:27:59 - Start to get User Token
2018-06-06 20:27:59 - Successful get User Token
2018-06-06 20:28:04 - Initialize Restful API Driver
2018-06-06 20:28:04 - Start to get User Token
2018-06-06 20:28:04 - Successful get User Token
2018-06-06 20:28:05 - Initialize Restful API Driver
2018-06-06 20:28:05 - Start to get User Token
2018-06-06 20:28:06 - Successful get User Token
2018-06-06 20:28:18 - Initialize Restful API Driver
2018-06-06 20:28:18 - Start to get User Token
2018-06-06 20:28:19 - Successful get User Token
2018-06-06 20:28:20 - Initialize Restful API Driver
2018-06-06 20:28:20 - Start to get User Token
2018-06-06 20:28:20 - Successful get User Token
2018-06-06 20:31:57 - Config file loading...... /D:/ideaProject/automation-api-master/target/test-classes/config.properties
2018-06-06 20:31:57 - Loading config from specified file: /D:/ideaProject/automation-api-master/target/test-classes/config.properties
2018-06-06 20:31:58 - Initialize Restful API Driver
2018-06-06 20:31:58 - Start to get User Token
2018-06-06 20:32:00 - Successful get User Token
